# JRE version: OpenJDK Runtime Environment (8.0_152-b01) (build 1.8.0_152-release-915-b01)
# Java VM: OpenJDK 64-Bit Server VM (25.152-b01 mixed mode windows-amd64 compressed oops)
Heap:
 PSYoungGen      total 212992K, used 195435K [0x00000000e0000000, 0x00000000f2d00000, 0x0000000100000000)
  eden space 135680K, 100% used [0x00000000e0000000,0x00000000e8480000,0x00000000e8480000)
  from space 77312K, 77% used [0x00000000ed600000,0x00000000f105afd8,0x00000000f2180000)
  to   space 83456K, 1% used [0x00000000e8480000,0x00000000e8590000,0x00000000ed600000)
 ParOldGen       total 259584K, used 116848K [0x00000000a0000000, 0x00000000afd80000, 0x00000000e0000000)
  object space 259584K, 45% used [0x00000000a0000000,0x00000000a721c318,0x00000000afd80000)
 Metaspace       used 62790K, capacity 64218K, committed 64384K, reserved 1105920K
  class space    used 7369K, capacity 7731K, committed 7808K, reserved 1048576K
GC Heap History (10 events):
Event: 40.954 GC heap after
Heap after GC invocations=24 (full 5):
 PSYoungGen      total 164352K, used 54248K [0x00000000e0000000, 0x00000000f0480000, 0x0000000100000000)
  eden space 110080K, 0% used [0x00000000e0000000,0x00000000e0000000,0x00000000e6b80000)
  from space 54272K, 99% used [0x00000000e6b80000,0x00000000ea07a388,0x00000000ea080000)
  to   space 70144K, 0% used [0x00000000ec000000,0x00000000ec000000,0x00000000f0480000)
 ParOldGen       total 164864K, used 104243K [0x00000000a0000000, 0x00000000aa100000, 0x00000000e0000000)
  object space 164864K, 63% used [0x00000000a0000000,0x00000000a65ccf00,0x00000000aa100000)
 Metaspace       used 57485K, capacity 58694K, committed 59136K, reserved 1101824K
  class space    used 6954K, capacity 7307K, committed 7424K, reserved 1048576K
}
Event: 41.195 GC heap before
{Heap before GC invocations=25 (full 5):
 PSYoungGen      total 164352K, used 164328K [0x00000000e0000000, 0x00000000f0480000, 0x0000000100000000)
  eden space 110080K, 100% used [0x00000000e0000000,0x00000000e6b80000,0x00000000e6b80000)
  from space 54272K, 99% used [0x00000000e6b80000,0x00000000ea07a388,0x00000000ea080000)
  to   space 70144K, 0% used [0x00000000ec000000,0x00000000ec000000,0x00000000f0480000)
 ParOldGen       total 164864K, used 104243K [0x00000000a0000000, 0x00000000aa100000, 0x00000000e0000000)
  object space 164864K, 63% used [0x00000000a0000000,0x00000000a65ccf00,0x00000000aa100000)
 Metaspace       used 57923K, capacity 59142K, committed 59392K, reserved 1101824K
  class space    used 6991K, capacity 7371K, committed 7424K, reserved 1048576K
Event: 41.264 GC heap after
Heap after GC invocations=25 (full 5):
 PSYoungGen      total 186880K, used 64142K [0x00000000e0000000, 0x00000000f1d80000, 0x0000000100000000)
  eden space 116736K, 0% used [0x00000000e0000000,0x00000000e0000000,0x00000000e7200000)
  from space 70144K, 91% used [0x00000000ec000000,0x00000000efea3b88,0x00000000f0480000)
  to   space 79872K, 0% used [0x00000000e7200000,0x00000000e7200000,0x00000000ec000000)
 ParOldGen       total 164864K, used 132328K [0x00000000a0000000, 0x00000000aa100000, 0x00000000e0000000)
  object space 164864K, 80% used [0x00000000a0000000,0x00000000a813a120,0x00000000aa100000)
 Metaspace       used 57923K, capacity 59142K, committed 59392K, reserved 1101824K
  class space    used 6991K, capacity 7371K, committed 7424K, reserved 1048576K
}
Event: 41.264 GC heap before
{Heap before GC invocations=26 (full 6):
 PSYoungGen      total 186880K, used 64142K [0x00000000e0000000, 0x00000000f1d80000, 0x0000000100000000)
  eden space 116736K, 0% used [0x00000000e0000000,0x00000000e0000000,0x00000000e7200000)
  from space 70144K, 91% used [0x00000000ec000000,0x00000000efea3b88,0x00000000f0480000)
  to   space 79872K, 0% used [0x00000000e7200000,0x00000000e7200000,0x00000000ec000000)
 ParOldGen       total 164864K, used 132328K [0x00000000a0000000, 0x00000000aa100000, 0x00000000e0000000)
  object space 164864K, 80% used [0x00000000a0000000,0x00000000a813a120,0x00000000aa100000)
 Metaspace       used 57923K, capacity 59142K, committed 59392K, reserved 1101824K
  class space    used 6991K, capacity 7371K, committed 7424K, reserved 1048576K
Event: 41.528 GC heap after
Heap after GC invocations=26 (full 6):
 PSYoungGen      total 186880K, used 0K [0x00000000e0000000, 0x00000000f1d80000, 0x0000000100000000)
  eden space 116736K, 0% used [0x00000000e0000000,0x00000000e0000000,0x00000000e7200000)
  from space 70144K, 0% used [0x00000000ec000000,0x00000000ec000000,0x00000000f0480000)
  to   space 79872K, 0% used [0x00000000e7200000,0x00000000e7200000,0x00000000ec000000)
 ParOldGen       total 259584K, used 93630K [0x00000000a0000000, 0x00000000afd80000, 0x00000000e0000000)
  object space 259584K, 36% used [0x00000000a0000000,0x00000000a5b6f890,0x00000000afd80000)
 Metaspace       used 56989K, capacity 58114K, committed 59392K, reserved 1101824K
  class space    used 6890K, capacity 7187K, committed 7424K, reserved 1048576K
}
Event: 42.293 GC heap before
{Heap before GC invocations=27 (full 6):
 PSYoungGen      total 186880K, used 116736K [0x00000000e0000000, 0x00000000f1d80000, 0x0000000100000000)
  eden space 116736K, 100% used [0x00000000e0000000,0x00000000e7200000,0x00000000e7200000)
  from space 70144K, 0% used [0x00000000ec000000,0x00000000ec000000,0x00000000f0480000)
  to   space 79872K, 0% used [0x00000000e7200000,0x00000000e7200000,0x00000000ec000000)
 ParOldGen       total 259584K, used 93630K [0x00000000a0000000, 0x00000000afd80000, 0x00000000e0000000)
  object space 259584K, 36% used [0x00000000a0000000,0x00000000a5b6f890,0x00000000afd80000)
 Metaspace       used 57541K, capacity 58710K, committed 59392K, reserved 1101824K
  class space    used 6932K, capacity 7231K, committed 7424K, reserved 1048576K
Event: 42.326 GC heap after
Heap after GC invocations=27 (full 6):
 PSYoungGen      total 196608K, used 36130K [0x00000000e0000000, 0x00000000f2180000, 0x0000000100000000)
  eden space 116736K, 0% used [0x00000000e0000000,0x00000000e0000000,0x00000000e7200000)
  from space 79872K, 45% used [0x00000000e7200000,0x00000000e95489a0,0x00000000ec000000)
  to   space 77312K, 0% used [0x00000000ed600000,0x00000000ed600000,0x00000000f2180000)
 ParOldGen       total 259584K, used 93638K [0x00000000a0000000, 0x00000000afd80000, 0x00000000e0000000)
  object space 259584K, 36% used [0x00000000a0000000,0x00000000a5b71890,0x00000000afd80000)
 Metaspace       used 57541K, capacity 58710K, committed 59392K, reserved 1101824K
  class space    used 6932K, capacity 7231K, committed 7424K, reserved 1048576K
}
Event: 43.168 GC heap before
{Heap before GC invocations=28 (full 6):
 PSYoungGen      total 196608K, used 152866K [0x00000000e0000000, 0x00000000f2180000, 0x0000000100000000)
  eden space 116736K, 100% used [0x00000000e0000000,0x00000000e7200000,0x00000000e7200000)
  from space 79872K, 45% used [0x00000000e7200000,0x00000000e95489a0,0x00000000ec000000)
  to   space 77312K, 0% used [0x00000000ed600000,0x00000000ed600000,0x00000000f2180000)
 ParOldGen       total 259584K, used 93638K [0x00000000a0000000, 0x00000000afd80000, 0x00000000e0000000)
  object space 259584K, 36% used [0x00000000a0000000,0x00000000a5b71890,0x00000000afd80000)
 Metaspace       used 58503K, capacity 59752K, committed 60160K, reserved 1101824K
  class space    used 6973K, capacity 7280K, committed 7424K, reserved 1048576K
Event: 43.221 GC heap after
Heap after GC invocations=28 (full 6):
 PSYoungGen      total 212992K, used 59755K [0x00000000e0000000, 0x00000000f2d00000, 0x0000000100000000)
  eden space 135680K, 0% used [0x00000000e0000000,0x00000000e0000000,0x00000000e8480000)
  from space 77312K, 77% used [0x00000000ed600000,0x00000000f105afd8,0x00000000f2180000)
  to   space 83456K, 0% used [0x00000000e8480000,0x00000000e8480000,0x00000000ed600000)
 ParOldGen       total 259584K, used 93646K [0x00000000a0000000, 0x00000000afd80000, 0x00000000e0000000)
  object space 259584K, 36% used [0x00000000a0000000,0x00000000a5b73890,0x00000000afd80000)
 Metaspace       used 58503K, capacity 59752K, committed 60160K, reserved 1101824K
  class space    used 6973K, capacity 7280K, committed 7424K, reserved 1048576K
}
Event: 3592.787 GC heap before
{Heap before GC invocations=29 (full 6):
 PSYoungGen      total 212992K, used 195435K [0x00000000e0000000, 0x00000000f2d00000, 0x0000000100000000)
  eden space 135680K, 100% used [0x00000000e0000000,0x00000000e8480000,0x00000000e8480000)
  from space 77312K, 77% used [0x00000000ed600000,0x00000000f105afd8,0x00000000f2180000)
  to   space 83456K, 0% used [0x00000000e8480000,0x00000000e8480000,0x00000000ed600000)
 ParOldGen       total 259584K, used 93646K [0x00000000a0000000, 0x00000000afd80000, 0x00000000e0000000)
  object space 259584K, 36% used [0x00000000a0000000,0x00000000a5b73890,0x00000000afd80000)
 Metaspace       used 62790K, capacity 64218K, committed 64384K, reserved 1105920K
  class space    used 7369K, capacity 7731K, committed 7808K, reserved 1048576K

